2021-04-09 13:25:56.753 | INFO     | __main__:<module>:124 - #
2021-04-09 13:25:56.754 | INFO     | __main__:<module>:125 - [0.6926026940345764, 0.737500011920929]
2021-04-09 13:25:56.953 | INFO     | __main__:<module>:127 - Epoch #1
2021-04-09 13:25:56.954 | INFO     | __main__:<module>:128 - [0.6926026940345764, 0.737500011920929]
2021-04-09 13:25:57.113 | INFO     | __main__:<module>:139 - [[0.5088645]
 [0.5088645]
 [0.5088645]]
2021-04-09 13:25:57.260 | INFO     | __main__:<module>:140 - [[0.6211288 ]
 [0.57529354]
 [0.5970089 ]]
2021-04-09 13:26:09.994 | INFO     | __main__:<module>:124 - #
2021-04-09 13:26:09.995 | INFO     | __main__:<module>:125 - [0.5423212647438049, 0.9674999713897705]
2021-04-09 13:26:10.063 | INFO     | __main__:<module>:127 - Epoch #2
2021-04-09 13:26:10.063 | INFO     | __main__:<module>:128 - [0.5423212647438049, 0.9674999713897705]
2021-04-09 13:26:10.083 | INFO     | __main__:<module>:139 - [[0.45254296]
 [0.45109987]
 [0.4384073 ]]
2021-04-09 13:26:10.112 | INFO     | __main__:<module>:140 - [[0.590574  ]
 [0.60353005]
 [0.51254547]]
2021-04-09 13:26:22.138 | INFO     | __main__:<module>:124 - #
2021-04-09 13:26:22.139 | INFO     | __main__:<module>:125 - [0.5383020639419556, 0.9700000286102295]
2021-04-09 13:26:22.189 | INFO     | __main__:<module>:127 - Epoch #3
2021-04-09 13:26:22.189 | INFO     | __main__:<module>:128 - [0.5383020639419556, 0.9700000286102295]
2021-04-09 13:26:22.308 | INFO     | __main__:<module>:139 - [[0.43440133]
 [0.44553554]
 [0.43922105]]
2021-04-09 13:26:22.337 | INFO     | __main__:<module>:140 - [[0.60182613]
 [0.48539656]
 [0.5819103 ]]
2021-04-09 13:26:33.948 | INFO     | __main__:<module>:124 - #
2021-04-09 13:26:33.948 | INFO     | __main__:<module>:125 - [0.5316516160964966, 0.9700000286102295]
2021-04-09 13:26:34.146 | INFO     | __main__:<module>:127 - Epoch #4
2021-04-09 13:26:34.146 | INFO     | __main__:<module>:128 - [0.5316516160964966, 0.9700000286102295]
2021-04-09 13:26:34.187 | INFO     | __main__:<module>:139 - [[0.42914698]
 [0.4337261 ]
 [0.43348452]]
2021-04-09 13:26:34.232 | INFO     | __main__:<module>:140 - [[0.49661207]
 [0.4609425 ]
 [0.57863486]]
2021-04-09 13:26:46.581 | INFO     | __main__:<module>:124 - #
2021-04-09 13:26:46.582 | INFO     | __main__:<module>:125 - [0.5363534688949585, 0.9649999737739563]
2021-04-09 13:26:46.628 | INFO     | __main__:<module>:127 - Epoch #5
2021-04-09 13:26:46.628 | INFO     | __main__:<module>:128 - [0.5363534688949585, 0.9649999737739563]
2021-04-09 13:26:46.645 | INFO     | __main__:<module>:139 - [[0.4227783 ]
 [0.44844213]
 [0.4425938 ]]
2021-04-09 13:26:46.673 | INFO     | __main__:<module>:140 - [[0.59797907]
 [0.61021996]
 [0.6187886 ]]
2021-04-09 13:26:59.176 | INFO     | __main__:<module>:124 - #
2021-04-09 13:26:59.176 | INFO     | __main__:<module>:125 - [0.5394194722175598, 0.9649999737739563]
2021-04-09 13:26:59.272 | INFO     | __main__:<module>:127 - Epoch #6
2021-04-09 13:26:59.272 | INFO     | __main__:<module>:128 - [0.5394194722175598, 0.9649999737739563]
2021-04-09 13:26:59.301 | INFO     | __main__:<module>:139 - [[0.43817675]
 [0.4306679 ]
 [0.4332163 ]]
2021-04-09 13:26:59.339 | INFO     | __main__:<module>:140 - [[0.54067945]
 [0.5674072 ]
 [0.61299694]]
2021-04-09 13:28:51.112 | INFO     | __main__:<module>:124 - #
2021-04-09 13:28:51.113 | INFO     | __main__:<module>:125 - [0.6936406493186951, 0.6775000095367432]
2021-04-09 13:28:51.215 | INFO     | __main__:<module>:127 - Epoch #1
2021-04-09 13:28:51.216 | INFO     | __main__:<module>:128 - [0.6936406493186951, 0.6775000095367432]
2021-04-09 13:28:51.567 | INFO     | __main__:<module>:139 - [[0.5020857]
 [0.5020857]
 [0.5020857]]
2021-04-09 13:28:51.626 | INFO     | __main__:<module>:140 - [[0.51161253]
 [0.5194104 ]
 [0.52595496]]
2021-04-09 13:32:50.777 | INFO     | __main__:<module>:124 - #
2021-04-09 13:32:50.778 | INFO     | __main__:<module>:125 - [0.6926593780517578, 0.6112499833106995]
2021-04-09 13:32:50.881 | INFO     | __main__:<module>:127 - Epoch #1
2021-04-09 13:32:50.881 | INFO     | __main__:<module>:128 - [0.6926593780517578, 0.6112499833106995]
2021-04-09 13:32:51.629 | INFO     | __main__:<module>:139 - [[0.5079772]
 [0.5079772]
 [0.5079772]]
2021-04-09 13:32:51.686 | INFO     | __main__:<module>:140 - [[0.5049205 ]
 [0.5700738 ]
 [0.53274626]]
2021-04-09 13:34:28.687 | INFO     | __main__:<module>:124 - #
2021-04-09 13:34:28.687 | INFO     | __main__:<module>:125 - [0.5983766317367554, 0.6575000286102295]
2021-04-09 13:34:28.763 | INFO     | __main__:<module>:127 - Epoch #2
2021-04-09 13:34:28.763 | INFO     | __main__:<module>:128 - [0.5983766317367554, 0.6575000286102295]
2021-04-09 13:34:29.254 | INFO     | __main__:<module>:139 - [[0.00030071]
 [0.00153076]
 [0.00070811]]
2021-04-09 13:34:29.289 | INFO     | __main__:<module>:140 - [[0.32820812]
 [0.18850651]
 [0.13842972]]
2021-04-09 13:36:10.583 | INFO     | __main__:<module>:124 - #
2021-04-09 13:36:10.583 | INFO     | __main__:<module>:125 - [1.437863826751709, 0.28999999165534973]
2021-04-09 13:36:10.647 | INFO     | __main__:<module>:127 - Epoch #3
2021-04-09 13:36:10.647 | INFO     | __main__:<module>:128 - [1.437863826751709, 0.28999999165534973]
2021-04-09 13:36:11.280 | INFO     | __main__:<module>:139 - [[0.95838195]
 [0.97314453]
 [0.9193136 ]]
2021-04-09 13:36:11.323 | INFO     | __main__:<module>:140 - [[0.9914117 ]
 [0.9942585 ]
 [0.99297005]]
2021-04-09 13:38:12.231 | INFO     | __main__:<module>:124 - #
2021-04-09 13:38:12.231 | INFO     | __main__:<module>:125 - [3.5883355140686035, 0.5]
2021-04-09 13:38:12.319 | INFO     | __main__:<module>:127 - Epoch #4
2021-04-09 13:38:12.319 | INFO     | __main__:<module>:128 - [3.5883355140686035, 0.5]
2021-04-09 13:38:12.910 | INFO     | __main__:<module>:139 - [[0.5042291 ]
 [0.5074682 ]
 [0.50505215]]
2021-04-09 13:38:12.951 | INFO     | __main__:<module>:140 - [[0.5205761 ]
 [0.51972634]
 [0.52038956]]
2021-04-09 13:40:20.844 | INFO     | __main__:<module>:124 - #
2021-04-09 13:40:20.844 | INFO     | __main__:<module>:125 - [0.6812225580215454, 0.6887500286102295]
2021-04-09 13:40:21.193 | INFO     | __main__:<module>:127 - Epoch #5
2021-04-09 13:40:21.193 | INFO     | __main__:<module>:128 - [0.6812225580215454, 0.6887500286102295]
2021-04-09 13:40:21.340 | INFO     | __main__:<module>:139 - [[0.52745944]
 [0.52178025]
 [0.51624537]]
2021-04-09 13:40:21.376 | INFO     | __main__:<module>:140 - [[0.53631115]
 [0.51875156]
 [0.5187425 ]]
2021-04-09 13:42:24.787 | INFO     | __main__:<module>:124 - #
2021-04-09 13:42:24.788 | INFO     | __main__:<module>:125 - [0.6810696125030518, 0.6899999976158142]
2021-04-09 13:42:25.007 | INFO     | __main__:<module>:127 - Epoch #6
2021-04-09 13:42:25.007 | INFO     | __main__:<module>:128 - [0.6810696125030518, 0.6899999976158142]
2021-04-09 13:42:25.151 | INFO     | __main__:<module>:139 - [[0.53364635]
 [0.53385985]
 [0.5153781 ]]
2021-04-09 13:42:25.187 | INFO     | __main__:<module>:140 - [[0.53065413]
 [0.5417041 ]
 [0.53486013]]
2021-04-09 13:44:34.308 | INFO     | __main__:<module>:124 - #
2021-04-09 13:44:34.308 | INFO     | __main__:<module>:125 - [0.6798194646835327, 0.7124999761581421]
2021-04-09 13:44:34.388 | INFO     | __main__:<module>:127 - Epoch #7
2021-04-09 13:44:34.389 | INFO     | __main__:<module>:128 - [0.6798194646835327, 0.7124999761581421]
2021-04-09 13:44:34.955 | INFO     | __main__:<module>:139 - [[0.52791125]
 [0.5377959 ]
 [0.5293579 ]]
2021-04-09 13:44:34.996 | INFO     | __main__:<module>:140 - [[0.54465294]
 [0.51498085]
 [0.5325164 ]]
2021-04-09 13:46:47.479 | INFO     | __main__:<module>:124 - #
2021-04-09 13:46:47.479 | INFO     | __main__:<module>:125 - [0.6733379364013672, 0.7300000190734863]
2021-04-09 13:46:47.541 | INFO     | __main__:<module>:127 - Epoch #8
2021-04-09 13:46:47.541 | INFO     | __main__:<module>:128 - [0.6733379364013672, 0.7300000190734863]
2021-04-09 13:46:48.141 | INFO     | __main__:<module>:139 - [[0.52199495]
 [0.5387113 ]
 [0.53037053]]
2021-04-09 13:46:48.184 | INFO     | __main__:<module>:140 - [[0.54626024]
 [0.54147774]
 [0.52707267]]
2021-04-09 13:48:58.204 | INFO     | __main__:<module>:124 - #
2021-04-09 13:48:58.204 | INFO     | __main__:<module>:125 - [0.6644805669784546, 0.7237499952316284]
2021-04-09 13:48:58.265 | INFO     | __main__:<module>:127 - Epoch #9
2021-04-09 13:48:58.265 | INFO     | __main__:<module>:128 - [0.6644805669784546, 0.7237499952316284]
2021-04-09 13:48:58.687 | INFO     | __main__:<module>:139 - [[0.5475498]
 [0.5449125]
 [0.5440311]]
2021-04-09 13:48:58.727 | INFO     | __main__:<module>:140 - [[0.55877846]
 [0.5518752 ]
 [0.5635176 ]]
2021-04-09 13:50:59.137 | INFO     | __main__:<module>:124 - #
2021-04-09 13:50:59.138 | INFO     | __main__:<module>:125 - [0.6513373851776123, 0.7087500095367432]
2021-04-09 13:50:59.230 | INFO     | __main__:<module>:127 - Epoch #10
2021-04-09 13:50:59.231 | INFO     | __main__:<module>:128 - [0.6513373851776123, 0.7087500095367432]
2021-04-09 13:50:59.732 | INFO     | __main__:<module>:139 - [[0.53635675]
 [0.512043  ]
 [0.5197023 ]]
2021-04-09 13:50:59.774 | INFO     | __main__:<module>:140 - [[0.57134277]
 [0.5585248 ]
 [0.4465707 ]]
2021-04-09 13:52:59.959 | INFO     | __main__:<module>:124 - #
2021-04-09 13:52:59.960 | INFO     | __main__:<module>:125 - [0.6217572093009949, 0.7112500071525574]
2021-04-09 13:53:00.332 | INFO     | __main__:<module>:127 - Epoch #11
2021-04-09 13:53:00.332 | INFO     | __main__:<module>:128 - [0.6217572093009949, 0.7112500071525574]
2021-04-09 13:53:00.488 | INFO     | __main__:<module>:139 - [[0.45801646]
 [0.49343145]
 [0.5012718 ]]
2021-04-09 13:53:00.526 | INFO     | __main__:<module>:140 - [[0.555363  ]
 [0.59813315]
 [0.52083784]]
2021-04-09 13:54:59.871 | INFO     | __main__:<module>:124 - #
2021-04-09 13:54:59.871 | INFO     | __main__:<module>:125 - [0.5604332089424133, 0.7387499809265137]
2021-04-09 13:54:59.930 | INFO     | __main__:<module>:127 - Epoch #12
2021-04-09 13:54:59.930 | INFO     | __main__:<module>:128 - [0.5604332089424133, 0.7387499809265137]
2021-04-09 13:55:00.293 | INFO     | __main__:<module>:139 - [[0.57761943]
 [0.57476085]
 [0.48454836]]
2021-04-09 13:55:00.335 | INFO     | __main__:<module>:140 - [[0.69386023]
 [0.590178  ]
 [0.5250356 ]]
2021-04-09 13:56:57.379 | INFO     | __main__:<module>:124 - #
2021-04-09 13:56:57.379 | INFO     | __main__:<module>:125 - [0.5010417699813843, 0.7124999761581421]
2021-04-09 13:56:57.462 | INFO     | __main__:<module>:127 - Epoch #13
2021-04-09 13:56:57.462 | INFO     | __main__:<module>:128 - [0.5010417699813843, 0.7124999761581421]
2021-04-09 13:56:57.923 | INFO     | __main__:<module>:139 - [[0.5223947 ]
 [0.38083318]
 [0.5384593 ]]
2021-04-09 13:56:57.964 | INFO     | __main__:<module>:140 - [[0.76541126]
 [0.71190375]
 [0.445724  ]]
2021-04-09 13:58:52.416 | INFO     | __main__:<module>:124 - #
2021-04-09 13:58:52.417 | INFO     | __main__:<module>:125 - [0.4415779411792755, 0.75]
2021-04-09 13:58:52.485 | INFO     | __main__:<module>:127 - Epoch #14
2021-04-09 13:58:52.486 | INFO     | __main__:<module>:128 - [0.4415779411792755, 0.75]
2021-04-09 13:58:53.159 | INFO     | __main__:<module>:139 - [[0.51538104]
 [0.49070042]
 [0.45303136]]
2021-04-09 13:58:53.201 | INFO     | __main__:<module>:140 - [[0.8108775 ]
 [0.82023185]
 [0.6238523 ]]
2021-04-09 14:00:45.224 | INFO     | __main__:<module>:124 - #
2021-04-09 14:00:45.225 | INFO     | __main__:<module>:125 - [0.4517565667629242, 0.71875]
2021-04-09 14:00:45.306 | INFO     | __main__:<module>:127 - Epoch #15
2021-04-09 14:00:45.307 | INFO     | __main__:<module>:128 - [0.4517565667629242, 0.71875]
2021-04-09 14:00:45.533 | INFO     | __main__:<module>:139 - [[0.57286865]
 [0.53661793]
 [0.52683014]]
2021-04-09 14:00:45.575 | INFO     | __main__:<module>:140 - [[0.9004995]
 [0.8251571]
 [0.8898677]]
2021-04-09 14:02:36.839 | INFO     | __main__:<module>:124 - #
2021-04-09 14:02:36.840 | INFO     | __main__:<module>:125 - [0.4930884540081024, 0.731249988079071]
2021-04-09 14:02:37.081 | INFO     | __main__:<module>:127 - Epoch #16
2021-04-09 14:02:37.082 | INFO     | __main__:<module>:128 - [0.4930884540081024, 0.731249988079071]
2021-04-09 14:02:37.241 | INFO     | __main__:<module>:139 - [[0.00255551]
 [0.00621879]
 [0.00839867]]
2021-04-09 14:02:37.278 | INFO     | __main__:<module>:140 - [[0.02346379]
 [0.01130272]
 [0.02150449]]
2021-04-09 14:04:21.494 | INFO     | __main__:<module>:124 - #
2021-04-09 14:04:21.494 | INFO     | __main__:<module>:125 - [2.0980544090270996, 0.5]
2021-04-09 14:04:21.588 | INFO     | __main__:<module>:127 - Epoch #17
2021-04-09 14:04:21.588 | INFO     | __main__:<module>:128 - [2.0980544090270996, 0.5]
2021-04-09 14:04:22.001 | INFO     | __main__:<module>:139 - [[0.5014148 ]
 [0.5014148 ]
 [0.49024352]]
2021-04-09 14:04:22.044 | INFO     | __main__:<module>:140 - [[0.76982373]
 [0.77249455]
 [0.70940566]]
2021-04-09 14:05:59.395 | INFO     | __main__:<module>:124 - #
2021-04-09 14:05:59.395 | INFO     | __main__:<module>:125 - [0.5042677521705627, 0.75]
2021-04-09 14:05:59.460 | INFO     | __main__:<module>:127 - Epoch #18
2021-04-09 14:05:59.460 | INFO     | __main__:<module>:128 - [0.5042677521705627, 0.75]
2021-04-09 14:05:59.797 | INFO     | __main__:<module>:139 - [[0.56667525]
 [0.47997743]
 [0.56999403]]
2021-04-09 14:05:59.840 | INFO     | __main__:<module>:140 - [[0.68368286]
 [0.72453886]
 [0.70204794]]
2021-04-09 14:07:52.028 | INFO     | __main__:<module>:124 - #
2021-04-09 14:07:52.028 | INFO     | __main__:<module>:125 - [0.4591023325920105, 0.7437499761581421]
2021-04-09 14:07:52.125 | INFO     | __main__:<module>:127 - Epoch #19
2021-04-09 14:07:52.125 | INFO     | __main__:<module>:128 - [0.4591023325920105, 0.7437499761581421]
2021-04-09 14:07:52.589 | INFO     | __main__:<module>:139 - [[0.411879  ]
 [0.4956325 ]
 [0.56326336]]
2021-04-09 14:07:52.630 | INFO     | __main__:<module>:140 - [[0.7735688 ]
 [0.83040375]
 [0.8654757 ]]
2021-04-09 14:09:47.237 | INFO     | __main__:<module>:124 - #
2021-04-09 14:09:47.237 | INFO     | __main__:<module>:125 - [0.43995600938796997, 0.7437499761581421]
2021-04-09 14:09:47.296 | INFO     | __main__:<module>:127 - Epoch #20
2021-04-09 14:09:47.297 | INFO     | __main__:<module>:128 - [0.43995600938796997, 0.7437499761581421]
2021-04-09 14:09:47.947 | INFO     | __main__:<module>:139 - [[0.43387604]
 [0.4833343 ]
 [0.468623  ]]
2021-04-09 14:09:47.989 | INFO     | __main__:<module>:140 - [[0.7686422 ]
 [0.7658876 ]
 [0.80420154]]
2021-04-09 14:11:41.158 | INFO     | __main__:<module>:124 - #
2021-04-09 14:11:41.158 | INFO     | __main__:<module>:125 - [0.39471736550331116, 0.8137500286102295]
2021-04-09 14:11:41.389 | INFO     | __main__:<module>:127 - Epoch #21
2021-04-09 14:11:41.390 | INFO     | __main__:<module>:128 - [0.39471736550331116, 0.8137500286102295]
2021-04-09 14:11:41.542 | INFO     | __main__:<module>:139 - [[0.29134017]
 [0.3507053 ]
 [0.5713317 ]]
2021-04-09 14:11:41.578 | INFO     | __main__:<module>:140 - [[0.59160167]
 [0.8460554 ]
 [0.7455889 ]]
2021-04-09 14:13:27.629 | INFO     | __main__:<module>:124 - #
2021-04-09 14:13:27.629 | INFO     | __main__:<module>:125 - [0.3577995300292969, 0.7925000190734863]
2021-04-09 14:13:27.686 | INFO     | __main__:<module>:127 - Epoch #22
2021-04-09 14:13:27.686 | INFO     | __main__:<module>:128 - [0.3577995300292969, 0.7925000190734863]
2021-04-09 14:13:28.019 | INFO     | __main__:<module>:139 - [[0.4062545 ]
 [0.24961053]
 [0.4320669 ]]
2021-04-09 14:13:28.060 | INFO     | __main__:<module>:140 - [[0.715134  ]
 [0.74641895]
 [0.84328246]]
2021-04-09 14:15:14.378 | INFO     | __main__:<module>:124 - #
2021-04-09 14:15:14.378 | INFO     | __main__:<module>:125 - [0.37010687589645386, 0.7762500047683716]
2021-04-09 14:15:14.441 | INFO     | __main__:<module>:127 - Epoch #23
2021-04-09 14:15:14.441 | INFO     | __main__:<module>:128 - [0.37010687589645386, 0.7762500047683716]
2021-04-09 14:15:14.981 | INFO     | __main__:<module>:139 - [[0.37634832]
 [0.380207  ]
 [0.21834643]]
2021-04-09 14:15:15.033 | INFO     | __main__:<module>:140 - [[0.64341855]
 [0.876513  ]
 [0.7900972 ]]
2021-04-09 14:17:09.439 | INFO     | __main__:<module>:124 - #
2021-04-09 14:17:09.439 | INFO     | __main__:<module>:125 - [0.33119720220565796, 0.8587499856948853]
2021-04-09 14:17:09.508 | INFO     | __main__:<module>:127 - Epoch #24
2021-04-09 14:17:09.509 | INFO     | __main__:<module>:128 - [0.33119720220565796, 0.8587499856948853]
2021-04-09 14:17:10.060 | INFO     | __main__:<module>:139 - [[0.3874641 ]
 [0.40135843]
 [0.28920102]]
2021-04-09 14:17:10.102 | INFO     | __main__:<module>:140 - [[0.5871917]
 [0.9096914]
 [0.9376386]]
2021-04-09 14:19:07.558 | INFO     | __main__:<module>:124 - #
2021-04-09 14:19:07.559 | INFO     | __main__:<module>:125 - [0.3277606666088104, 0.7837499976158142]
2021-04-09 14:19:07.717 | INFO     | __main__:<module>:127 - Epoch #25
2021-04-09 14:19:07.718 | INFO     | __main__:<module>:128 - [0.3277606666088104, 0.7837499976158142]
2021-04-09 14:19:08.017 | INFO     | __main__:<module>:139 - [[0.1178873 ]
 [0.14130947]
 [0.13075973]]
2021-04-09 14:19:08.056 | INFO     | __main__:<module>:140 - [[0.5318771 ]
 [0.35848212]
 [0.26535174]]
2021-04-09 14:20:48.408 | INFO     | __main__:<module>:124 - #
2021-04-09 14:20:48.408 | INFO     | __main__:<module>:125 - [0.5300294756889343, 0.6862499713897705]
2021-04-09 14:20:48.473 | INFO     | __main__:<module>:127 - Epoch #26
2021-04-09 14:20:48.473 | INFO     | __main__:<module>:128 - [0.5300294756889343, 0.6862499713897705]
2021-04-09 14:20:48.943 | INFO     | __main__:<module>:139 - [[0.49448282]
 [0.41853908]
 [0.49448282]]
2021-04-09 14:20:48.986 | INFO     | __main__:<module>:140 - [[0.9916046 ]
 [0.99433255]
 [0.99035454]]
2021-04-09 14:22:31.100 | INFO     | __main__:<module>:124 - #
2021-04-09 14:22:31.101 | INFO     | __main__:<module>:125 - [0.5674288272857666, 0.7437499761581421]
2021-04-09 14:22:31.255 | INFO     | __main__:<module>:127 - Epoch #27
2021-04-09 14:22:31.256 | INFO     | __main__:<module>:128 - [0.5674288272857666, 0.7437499761581421]
2021-04-09 14:22:31.518 | INFO     | __main__:<module>:139 - [[0.2808349 ]
 [0.21810475]
 [0.28606126]]
2021-04-09 14:22:31.557 | INFO     | __main__:<module>:140 - [[0.68792266]
 [0.76926184]
 [0.7636045 ]]
2021-04-09 14:24:10.273 | INFO     | __main__:<module>:124 - #
2021-04-09 14:24:10.274 | INFO     | __main__:<module>:125 - [0.3383549451828003, 0.9387500286102295]
2021-04-09 14:24:10.338 | INFO     | __main__:<module>:127 - Epoch #28
2021-04-09 14:24:10.338 | INFO     | __main__:<module>:128 - [0.3383549451828003, 0.9387500286102295]
2021-04-09 14:24:10.783 | INFO     | __main__:<module>:139 - [[0.45782027]
 [0.43799105]
 [0.3987952 ]]
2021-04-09 14:24:10.826 | INFO     | __main__:<module>:140 - [[0.96128  ]
 [0.4876208]
 [0.9211407]]
2021-04-09 14:25:55.387 | INFO     | __main__:<module>:124 - #
2021-04-09 14:25:55.387 | INFO     | __main__:<module>:125 - [0.30333754420280457, 0.78125]
2021-04-09 14:25:55.455 | INFO     | __main__:<module>:127 - Epoch #29
2021-04-09 14:25:55.455 | INFO     | __main__:<module>:128 - [0.30333754420280457, 0.78125]
2021-04-09 14:25:56.129 | INFO     | __main__:<module>:139 - [[0.3251647 ]
 [0.3361482 ]
 [0.27698493]]
2021-04-09 14:25:56.168 | INFO     | __main__:<module>:140 - [[0.9229681 ]
 [0.91911244]
 [0.8852301 ]]
2021-04-09 14:27:41.476 | INFO     | __main__:<module>:124 - #
2021-04-09 14:27:41.477 | INFO     | __main__:<module>:125 - [0.3022419512271881, 0.8274999856948853]
2021-04-09 14:27:41.552 | INFO     | __main__:<module>:127 - Epoch #30
2021-04-09 14:27:41.553 | INFO     | __main__:<module>:128 - [0.3022419512271881, 0.8274999856948853]
2021-04-09 14:27:41.778 | INFO     | __main__:<module>:139 - [[0.258856  ]
 [0.35777223]
 [0.36730307]]
2021-04-09 14:27:41.821 | INFO     | __main__:<module>:140 - [[0.95455194]
 [0.31570017]
 [0.9464185 ]]
2021-04-09 14:29:29.577 | INFO     | __main__:<module>:124 - #
2021-04-09 14:29:29.578 | INFO     | __main__:<module>:125 - [0.30261093378067017, 0.8087499737739563]
2021-04-09 14:29:29.780 | INFO     | __main__:<module>:127 - Epoch #31
2021-04-09 14:29:29.781 | INFO     | __main__:<module>:128 - [0.30261093378067017, 0.8087499737739563]
2021-04-09 14:29:29.924 | INFO     | __main__:<module>:139 - [[0.18864855]
 [0.14596401]
 [0.16843791]]
2021-04-09 14:29:29.958 | INFO     | __main__:<module>:140 - [[0.7956223]
 [0.8187459]
 [0.8269742]]
2021-04-09 14:31:08.177 | INFO     | __main__:<module>:124 - #
2021-04-09 14:31:08.178 | INFO     | __main__:<module>:125 - [0.2722850441932678, 0.9437500238418579]
2021-04-09 14:31:08.237 | INFO     | __main__:<module>:127 - Epoch #32
2021-04-09 14:31:08.237 | INFO     | __main__:<module>:128 - [0.2722850441932678, 0.9437500238418579]
2021-04-09 14:31:08.685 | INFO     | __main__:<module>:139 - [[0.25250208]
 [0.3587967 ]
 [0.3587967 ]]
2021-04-09 14:31:08.726 | INFO     | __main__:<module>:140 - [[0.9767801 ]
 [0.9543941 ]
 [0.98967206]]
2021-04-09 14:32:42.593 | INFO     | __main__:<module>:124 - #
2021-04-09 14:32:42.593 | INFO     | __main__:<module>:125 - [0.3399418592453003, 0.7549999952316284]
2021-04-09 14:32:42.662 | INFO     | __main__:<module>:127 - Epoch #33
2021-04-09 14:32:42.663 | INFO     | __main__:<module>:128 - [0.3399418592453003, 0.7549999952316284]
2021-04-09 14:32:43.115 | INFO     | __main__:<module>:139 - [[0.10251028]
 [0.08166306]
 [0.08827397]]
2021-04-09 14:32:43.158 | INFO     | __main__:<module>:140 - [[0.8456488 ]
 [0.75417155]
 [0.87517625]]
2021-04-09 14:34:21.684 | INFO     | __main__:<module>:124 - #
2021-04-09 14:34:21.684 | INFO     | __main__:<module>:125 - [0.25842899084091187, 0.9375]
2021-04-09 14:34:21.757 | INFO     | __main__:<module>:127 - Epoch #34
2021-04-09 14:34:21.757 | INFO     | __main__:<module>:128 - [0.25842899084091187, 0.9375]
2021-04-09 14:34:22.340 | INFO     | __main__:<module>:139 - [[0.31443843]
 [0.3024616 ]
 [0.36495358]]
2021-04-09 14:34:22.383 | INFO     | __main__:<module>:140 - [[0.9962425 ]
 [0.9713615 ]
 [0.99307305]]
2021-04-09 14:36:01.134 | INFO     | __main__:<module>:124 - #
2021-04-09 14:36:01.135 | INFO     | __main__:<module>:125 - [0.2876294255256653, 0.7799999713897705]
2021-04-09 14:36:01.226 | INFO     | __main__:<module>:127 - Epoch #35
2021-04-09 14:36:01.227 | INFO     | __main__:<module>:128 - [0.2876294255256653, 0.7799999713897705]
2021-04-09 14:36:01.452 | INFO     | __main__:<module>:139 - [[0.05543799]
 [0.08193487]
 [0.09889227]]
2021-04-09 14:36:01.492 | INFO     | __main__:<module>:140 - [[0.9024256 ]
 [0.94048333]
 [0.9189688 ]]
2021-04-09 14:37:33.834 | INFO     | __main__:<module>:124 - #
2021-04-09 14:37:33.835 | INFO     | __main__:<module>:125 - [0.18813449144363403, 0.9449999928474426]
2021-04-09 14:37:34.056 | INFO     | __main__:<module>:127 - Epoch #36
2021-04-09 14:37:34.056 | INFO     | __main__:<module>:128 - [0.18813449144363403, 0.9449999928474426]
2021-04-09 14:37:34.206 | INFO     | __main__:<module>:139 - [[0.2465007 ]
 [0.2465007 ]
 [0.21299821]]
2021-04-09 14:37:34.243 | INFO     | __main__:<module>:140 - [[0.9950245 ]
 [0.99267673]
 [0.88739735]]
2021-04-09 14:39:20.482 | INFO     | __main__:<module>:124 - #
2021-04-09 14:39:20.482 | INFO     | __main__:<module>:125 - [0.28371182084083557, 0.7900000214576721]
2021-04-09 14:39:20.560 | INFO     | __main__:<module>:127 - Epoch #37
2021-04-09 14:39:20.560 | INFO     | __main__:<module>:128 - [0.28371182084083557, 0.7900000214576721]
2021-04-09 14:39:20.887 | INFO     | __main__:<module>:139 - [[0.02606863]
 [0.04503145]
 [0.07582249]]
2021-04-09 14:39:20.927 | INFO     | __main__:<module>:140 - [[0.37279004]
 [0.93887365]
 [0.64248204]]
2021-04-09 14:41:00.428 | INFO     | __main__:<module>:124 - #
2021-04-09 14:41:00.429 | INFO     | __main__:<module>:125 - [0.27525779604911804, 0.9037500023841858]
2021-04-09 14:41:00.488 | INFO     | __main__:<module>:127 - Epoch #38
2021-04-09 14:41:00.489 | INFO     | __main__:<module>:128 - [0.27525779604911804, 0.9037500023841858]
2021-04-09 14:41:00.975 | INFO     | __main__:<module>:139 - [[0.6670543]
 [0.6915503]
 [0.6998095]]
2021-04-09 14:41:01.019 | INFO     | __main__:<module>:140 - [[0.99805593]
 [0.97470856]
 [0.6210365 ]]
2021-04-09 14:42:43.052 | INFO     | __main__:<module>:124 - #
2021-04-09 14:42:43.052 | INFO     | __main__:<module>:125 - [0.49077460169792175, 0.7450000047683716]
2021-04-09 14:42:43.113 | INFO     | __main__:<module>:127 - Epoch #39
2021-04-09 14:42:43.113 | INFO     | __main__:<module>:128 - [0.49077460169792175, 0.7450000047683716]
2021-04-09 14:42:43.699 | INFO     | __main__:<module>:139 - [[0.07913049]
 [0.05633311]
 [0.05435944]]
2021-04-09 14:42:43.741 | INFO     | __main__:<module>:140 - [[0.6863318 ]
 [0.56488496]
 [0.65843415]]
2021-04-09 14:44:27.518 | INFO     | __main__:<module>:124 - #
2021-04-09 14:44:27.519 | INFO     | __main__:<module>:125 - [0.2416117787361145, 0.9162499904632568]
2021-04-09 14:44:27.601 | INFO     | __main__:<module>:127 - Epoch #40
2021-04-09 14:44:27.602 | INFO     | __main__:<module>:128 - [0.2416117787361145, 0.9162499904632568]
2021-04-09 14:44:27.829 | INFO     | __main__:<module>:139 - [[0.34892705]
 [0.27777284]
 [0.27249023]]
2021-04-09 14:44:27.872 | INFO     | __main__:<module>:140 - [[0.94010115]
 [0.9940568 ]
 [0.95897174]]
2021-04-09 14:46:19.154 | INFO     | __main__:<module>:124 - #
2021-04-09 14:46:19.155 | INFO     | __main__:<module>:125 - [0.25142666697502136, 0.8299999833106995]
2021-04-09 14:46:19.420 | INFO     | __main__:<module>:127 - Epoch #41
2021-04-09 14:46:19.420 | INFO     | __main__:<module>:128 - [0.25142666697502136, 0.8299999833106995]
2021-04-09 14:46:19.579 | INFO     | __main__:<module>:139 - [[0.03820248]
 [0.04754334]
 [0.05666028]]
2021-04-09 14:46:19.616 | INFO     | __main__:<module>:140 - [[0.8000766 ]
 [0.93476176]
 [0.21561241]]
2021-04-11 14:06:55.072 | INFO     | __main__:<module>:124 - #
2021-04-11 14:06:55.095 | INFO     | __main__:<module>:125 - [0.6929855346679688, 0.6524999737739563]
2021-04-11 14:06:55.277 | INFO     | __main__:<module>:127 - Epoch #1
2021-04-11 14:06:55.278 | INFO     | __main__:<module>:128 - [0.6929855346679688, 0.6524999737739563]
2021-04-11 14:06:55.808 | INFO     | __main__:<module>:139 - [[0.54195213]
 [0.54195213]
 [0.54195213]]
2021-04-11 14:06:55.960 | INFO     | __main__:<module>:140 - [[0.79550225]
 [0.77604204]
 [0.76767665]]
2021-04-11 14:08:35.226 | INFO     | __main__:<module>:124 - #
2021-04-11 14:08:35.226 | INFO     | __main__:<module>:125 - [1.099191427230835, 0.5]
2021-04-11 14:08:35.286 | INFO     | __main__:<module>:127 - Epoch #2
2021-04-11 14:08:35.286 | INFO     | __main__:<module>:128 - [1.099191427230835, 0.5]
2021-04-11 14:08:35.783 | INFO     | __main__:<module>:139 - [[0.493914  ]
 [0.4937998 ]
 [0.49410462]]
2021-04-11 14:08:35.826 | INFO     | __main__:<module>:140 - [[0.49425083]
 [0.4942553 ]
 [0.49455288]]
2021-04-11 14:10:13.479 | INFO     | __main__:<module>:124 - #
2021-04-11 14:10:13.479 | INFO     | __main__:<module>:125 - [0.6933438181877136, 0.5]
2021-04-11 14:10:13.539 | INFO     | __main__:<module>:127 - Epoch #3
2021-04-11 14:10:13.540 | INFO     | __main__:<module>:128 - [0.6933438181877136, 0.5]
2021-04-11 14:10:14.051 | INFO     | __main__:<module>:139 - [[0.4963824 ]
 [0.4966691 ]
 [0.49644065]]
2021-04-11 14:10:14.085 | INFO     | __main__:<module>:140 - [[0.49522755]
 [0.49606466]
 [0.49594054]]
2021-04-11 14:11:47.835 | INFO     | __main__:<module>:124 - #
2021-04-11 14:11:47.835 | INFO     | __main__:<module>:125 - [0.6914320588111877, 0.5]
2021-04-11 14:11:48.120 | INFO     | __main__:<module>:127 - Epoch #4
2021-04-11 14:11:48.126 | INFO     | __main__:<module>:128 - [0.6914320588111877, 0.5]
2021-04-11 14:11:48.267 | INFO     | __main__:<module>:139 - [[0.49637097]
 [0.49609116]
 [0.49632898]]
2021-04-11 14:11:48.304 | INFO     | __main__:<module>:140 - [[0.49491614]
 [0.4954831 ]
 [0.49524942]]
2021-04-11 14:13:22.491 | INFO     | __main__:<module>:124 - #
2021-04-11 14:13:22.492 | INFO     | __main__:<module>:125 - [0.6893499493598938, 0.5]
2021-04-11 14:13:22.733 | INFO     | __main__:<module>:127 - Epoch #5
2021-04-11 14:13:22.733 | INFO     | __main__:<module>:128 - [0.6893499493598938, 0.5]
2021-04-11 14:13:22.878 | INFO     | __main__:<module>:139 - [[0.49549702]
 [0.49582282]
 [0.49582762]]
2021-04-11 14:13:22.915 | INFO     | __main__:<module>:140 - [[0.4939701 ]
 [0.49435294]
 [0.4941605 ]]
2021-04-11 14:14:58.806 | INFO     | __main__:<module>:124 - #
2021-04-11 14:14:58.807 | INFO     | __main__:<module>:125 - [0.681610107421875, 0.5]
2021-04-11 14:14:59.053 | INFO     | __main__:<module>:127 - Epoch #6
2021-04-11 14:14:59.054 | INFO     | __main__:<module>:128 - [0.681610107421875, 0.5]
2021-04-11 14:14:59.194 | INFO     | __main__:<module>:139 - [[0.4935125 ]
 [0.49340644]
 [0.4935125 ]]
2021-04-11 14:14:59.231 | INFO     | __main__:<module>:140 - [[0.4823193]
 [0.4791077]
 [0.4862826]]
2021-04-11 14:16:36.605 | INFO     | __main__:<module>:124 - #
2021-04-11 14:16:36.606 | INFO     | __main__:<module>:125 - [0.6540414690971375, 0.5]
2021-04-11 14:16:36.785 | INFO     | __main__:<module>:127 - Epoch #7
2021-04-11 14:16:36.786 | INFO     | __main__:<module>:128 - [0.6540414690971375, 0.5]
2021-04-11 14:16:37.466 | INFO     | __main__:<module>:139 - [[0.4982438 ]
 [0.4958887 ]
 [0.49818307]]
2021-04-11 14:16:37.501 | INFO     | __main__:<module>:140 - [[0.489282  ]
 [0.49104834]
 [0.4960161 ]]
2021-04-11 14:18:15.874 | INFO     | __main__:<module>:124 - #
2021-04-11 14:18:15.874 | INFO     | __main__:<module>:125 - [0.6037872433662415, 0.40625]
2021-04-11 14:18:15.933 | INFO     | __main__:<module>:127 - Epoch #8
2021-04-11 14:18:15.934 | INFO     | __main__:<module>:128 - [0.6037872433662415, 0.40625]
2021-04-11 14:18:16.502 | INFO     | __main__:<module>:139 - [[0.38459072]
 [0.3793874 ]
 [0.3370909 ]]
2021-04-11 14:18:16.544 | INFO     | __main__:<module>:140 - [[0.36960825]
 [0.3518349 ]
 [0.26720363]]
2021-04-11 14:19:54.067 | INFO     | __main__:<module>:124 - #
2021-04-11 14:19:54.067 | INFO     | __main__:<module>:125 - [0.7450228929519653, 0.41999998688697815]
2021-04-11 14:19:54.145 | INFO     | __main__:<module>:127 - Epoch #9
2021-04-11 14:19:54.145 | INFO     | __main__:<module>:128 - [0.7450228929519653, 0.41999998688697815]
2021-04-11 14:19:54.609 | INFO     | __main__:<module>:139 - [[0.5018674 ]
 [0.50117   ]
 [0.50143945]]
2021-04-11 14:19:54.654 | INFO     | __main__:<module>:140 - [[0.5045077 ]
 [0.50398785]
 [0.5041047 ]]
2021-04-11 14:21:34.297 | INFO     | __main__:<module>:124 - #
2021-04-11 14:21:34.297 | INFO     | __main__:<module>:125 - [0.6880691647529602, 0.7400000095367432]
2021-04-11 14:21:34.360 | INFO     | __main__:<module>:127 - Epoch #10
2021-04-11 14:21:34.361 | INFO     | __main__:<module>:128 - [0.6880691647529602, 0.7400000095367432]
2021-04-11 14:21:34.854 | INFO     | __main__:<module>:139 - [[0.5106837]
 [0.5102016]
 [0.5091311]]
2021-04-11 14:21:34.906 | INFO     | __main__:<module>:140 - [[0.51150435]
 [0.5094063 ]
 [0.5066809 ]]
2021-04-11 14:23:20.487 | INFO     | __main__:<module>:124 - #
2021-04-11 14:23:20.488 | INFO     | __main__:<module>:125 - [0.678484320640564, 0.75]
2021-04-11 14:23:20.582 | INFO     | __main__:<module>:127 - Epoch #11
2021-04-11 14:23:20.583 | INFO     | __main__:<module>:128 - [0.678484320640564, 0.75]
2021-04-11 14:23:20.983 | INFO     | __main__:<module>:139 - [[0.5253639]
 [0.52472  ]
 [0.5275256]]
2021-04-11 14:23:21.017 | INFO     | __main__:<module>:140 - [[0.52079433]
 [0.5256691 ]
 [0.5208775 ]]
2021-04-11 14:25:15.260 | INFO     | __main__:<module>:124 - #
2021-04-11 14:25:15.261 | INFO     | __main__:<module>:125 - [0.649573802947998, 0.7512500286102295]
2021-04-11 14:25:15.352 | INFO     | __main__:<module>:127 - Epoch #12
2021-04-11 14:25:15.352 | INFO     | __main__:<module>:128 - [0.649573802947998, 0.7512500286102295]
2021-04-11 14:25:15.926 | INFO     | __main__:<module>:139 - [[0.55401486]
 [0.55034345]
 [0.55185044]]
2021-04-11 14:25:15.968 | INFO     | __main__:<module>:140 - [[0.5587331]
 [0.5587715]
 [0.5213748]]
2021-04-11 14:27:03.025 | INFO     | __main__:<module>:124 - #
2021-04-11 14:27:03.025 | INFO     | __main__:<module>:125 - [0.5941701531410217, 0.7462499737739563]
2021-04-11 14:27:03.097 | INFO     | __main__:<module>:127 - Epoch #13
2021-04-11 14:27:03.097 | INFO     | __main__:<module>:128 - [0.5941701531410217, 0.7462499737739563]
2021-04-11 14:27:03.680 | INFO     | __main__:<module>:139 - [[0.5679831 ]
 [0.58190805]
 [0.5853106 ]]
2021-04-11 14:27:03.723 | INFO     | __main__:<module>:140 - [[0.5953753]
 [0.5779743]
 [0.5519227]]
2021-04-11 14:28:49.578 | INFO     | __main__:<module>:124 - #
2021-04-11 14:28:49.578 | INFO     | __main__:<module>:125 - [0.5426802635192871, 0.7450000047683716]
2021-04-11 14:28:49.649 | INFO     | __main__:<module>:127 - Epoch #14
2021-04-11 14:28:49.650 | INFO     | __main__:<module>:128 - [0.5426802635192871, 0.7450000047683716]
2021-04-11 14:28:49.866 | INFO     | __main__:<module>:139 - [[0.5823473 ]
 [0.5935502 ]
 [0.56875205]]
2021-04-11 14:28:49.906 | INFO     | __main__:<module>:140 - [[0.6099088 ]
 [0.63007414]
 [0.6097464 ]]
2021-04-11 14:30:39.076 | INFO     | __main__:<module>:124 - #
2021-04-11 14:30:39.076 | INFO     | __main__:<module>:125 - [0.5460091829299927, 0.7475000023841858]
2021-04-11 14:30:39.441 | INFO     | __main__:<module>:127 - Epoch #15
2021-04-11 14:30:39.442 | INFO     | __main__:<module>:128 - [0.5460091829299927, 0.7475000023841858]
2021-04-11 14:30:39.699 | INFO     | __main__:<module>:139 - [[0.44297636]
 [0.4840381 ]
 [0.43990844]]
2021-04-11 14:30:39.733 | INFO     | __main__:<module>:140 - [[0.5877405 ]
 [0.57596654]
 [0.55517924]]
2021-04-11 14:32:29.156 | INFO     | __main__:<module>:124 - #
2021-04-11 14:32:29.156 | INFO     | __main__:<module>:125 - [0.5146697759628296, 0.7350000143051147]
2021-04-11 14:32:29.236 | INFO     | __main__:<module>:127 - Epoch #16
2021-04-11 14:32:29.236 | INFO     | __main__:<module>:128 - [0.5146697759628296, 0.7350000143051147]
2021-04-11 14:32:29.576 | INFO     | __main__:<module>:139 - [[0.61515015]
 [0.6290173 ]
 [0.60773647]]
2021-04-11 14:32:29.618 | INFO     | __main__:<module>:140 - [[0.6177252 ]
 [0.6673743 ]
 [0.67779666]]
2021-04-11 14:34:17.040 | INFO     | __main__:<module>:124 - #
2021-04-11 14:34:17.040 | INFO     | __main__:<module>:125 - [0.4854428172111511, 0.75]
2021-04-11 14:34:17.102 | INFO     | __main__:<module>:127 - Epoch #17
2021-04-11 14:34:17.102 | INFO     | __main__:<module>:128 - [0.4854428172111511, 0.75]
2021-04-11 14:34:17.558 | INFO     | __main__:<module>:139 - [[0.54154825]
 [0.50187135]
 [0.52474374]]
2021-04-11 14:34:17.602 | INFO     | __main__:<module>:140 - [[0.58850825]
 [0.6529113 ]
 [0.56533015]]
2021-04-11 14:35:37.821 | INFO     | __main__:<module>:124 - #
2021-04-11 14:35:37.821 | INFO     | __main__:<module>:125 - [0.6920076012611389, 0.7287499904632568]
2021-04-11 14:35:37.944 | INFO     | __main__:<module>:127 - Epoch #1
2021-04-11 14:35:37.945 | INFO     | __main__:<module>:128 - [0.6920076012611389, 0.7287499904632568]
2021-04-11 14:35:38.168 | INFO     | __main__:<module>:139 - [[0.5551698]
 [0.5551698]
 [0.5551698]]
2021-04-11 14:35:38.224 | INFO     | __main__:<module>:140 - [[0.94363135]
 [0.932583  ]
 [0.9219892 ]]
2021-04-11 14:35:59.618 | INFO     | __main__:<module>:124 - #
2021-04-11 14:35:59.619 | INFO     | __main__:<module>:125 - [0.6934462189674377, 0.6274999976158142]
2021-04-11 14:35:59.937 | INFO     | __main__:<module>:127 - Epoch #1
2021-04-11 14:35:59.938 | INFO     | __main__:<module>:128 - [0.6934462189674377, 0.6274999976158142]
2021-04-11 14:36:00.209 | INFO     | __main__:<module>:139 - [[0.53981096]
 [0.53981096]
 [0.53981096]]
2021-04-11 14:36:00.265 | INFO     | __main__:<module>:140 - [[0.8733001 ]
 [0.86661357]
 [0.9240733 ]]
2021-04-11 14:37:39.719 | INFO     | __main__:<module>:124 - #
2021-04-11 14:37:39.719 | INFO     | __main__:<module>:125 - [1.3402339220046997, 0.5]
2021-04-11 14:37:39.880 | INFO     | __main__:<module>:127 - Epoch #2
2021-04-11 14:37:39.880 | INFO     | __main__:<module>:128 - [1.3402339220046997, 0.5]
2021-04-11 14:37:40.368 | INFO     | __main__:<module>:139 - [[0.49025315]
 [0.4903937 ]
 [0.48905388]]
2021-04-11 14:37:40.407 | INFO     | __main__:<module>:140 - [[0.49066275]
 [0.4908465 ]
 [0.49009654]]
2021-04-11 14:39:14.432 | INFO     | __main__:<module>:124 - #
2021-04-11 14:39:14.433 | INFO     | __main__:<module>:125 - [0.695508599281311, 0.5]
2021-04-11 14:39:14.513 | INFO     | __main__:<module>:127 - Epoch #3
2021-04-11 14:39:14.514 | INFO     | __main__:<module>:128 - [0.695508599281311, 0.5]
2021-04-11 14:39:14.848 | INFO     | __main__:<module>:139 - [[0.49763966]
 [0.49763966]
 [0.49763966]]
2021-04-11 14:39:14.882 | INFO     | __main__:<module>:140 - [[0.49620903]
 [0.49518067]
 [0.49599624]]
2021-04-11 14:40:44.039 | INFO     | __main__:<module>:124 - #
2021-04-11 14:40:44.040 | INFO     | __main__:<module>:125 - [0.6917573809623718, 0.5]
2021-04-11 14:40:44.289 | INFO     | __main__:<module>:127 - Epoch #4
2021-04-11 14:40:44.290 | INFO     | __main__:<module>:128 - [0.6917573809623718, 0.5]
2021-04-11 14:40:44.626 | INFO     | __main__:<module>:139 - [[0.496078  ]
 [0.49687138]
 [0.49687138]]
2021-04-11 14:40:44.667 | INFO     | __main__:<module>:140 - [[0.49677816]
 [0.49648392]
 [0.4964758 ]]
2021-04-11 14:42:14.589 | INFO     | __main__:<module>:124 - #
2021-04-11 14:42:14.589 | INFO     | __main__:<module>:125 - [0.6872183084487915, 0.5]
2021-04-11 14:42:14.842 | INFO     | __main__:<module>:127 - Epoch #5
2021-04-11 14:42:14.842 | INFO     | __main__:<module>:128 - [0.6872183084487915, 0.5]
2021-04-11 14:42:14.993 | INFO     | __main__:<module>:139 - [[0.49439684]
 [0.49176016]
 [0.4936891 ]]
2021-04-11 14:42:15.029 | INFO     | __main__:<module>:140 - [[0.48595303]
 [0.49249488]
 [0.4836314 ]]
